[2025-09-08 14:16:41] [INFO]    [OmnipathR] Welcome to OmnipathR!
[2025-09-08 14:16:41] [INFO]    [OmnipathR] OmnipathR version: 3.15.1
[2025-09-08 14:16:41] [TRACE]   [OmnipathR] Reading JSON from `/Users/ogawaakane/Library/Caches/OmnipathR/cache.json` (encoding: UTF-8).
[2025-09-08 14:16:41] [TRACE]   [OmnipathR] JSON validation successful: TRUE
[2025-09-08 14:16:41] [INFO]    [OmnipathR] Initialized cache: `/Users/ogawaakane/Library/Caches/OmnipathR`.
[2025-09-08 14:16:41] [TRACE]   [OmnipathR] Reading JSON from `/Library/Frameworks/R.framework/Versions/4.4-arm64/Resources/library/OmnipathR/db/db_def.json` (encoding: UTF-8).
[2025-09-08 14:16:41] [TRACE]   [OmnipathR] JSON validation successful: TRUE
[2025-09-08 14:16:41] [TRACE]   [OmnipathR] Reading JSON from `/Library/Frameworks/R.framework/Versions/4.4-arm64/Resources/library/OmnipathR/internal/magic_bytes.json` (encoding: UTF-8).
[2025-09-08 14:16:41] [TRACE]   [OmnipathR] JSON validation successful: TRUE
[2025-09-08 14:16:41] [TRACE]   [OmnipathR] Reading JSON from `/Library/Frameworks/R.framework/Versions/4.4-arm64/Resources/library/OmnipathR/internal/urls.json` (encoding: UTF-8).
[2025-09-08 14:16:41] [TRACE]   [OmnipathR] JSON validation successful: TRUE
[2025-09-08 14:16:41] [TRACE]   [OmnipathR] Reading JSON from `/Library/Frameworks/R.framework/Versions/4.4-arm64/Resources/library/OmnipathR/internal/id_types.json` (encoding: UTF-8).
[2025-09-08 14:16:41] [TRACE]   [OmnipathR] JSON validation successful: TRUE
[2025-09-08 14:16:41] [TRACE]   [OmnipathR] Arguments for OmniPath query: [wide=FALSE,resources=UniProt_keyword,query_type=annotations]
[2025-09-08 14:16:41] [INFO]    [OmnipathR] Loading database `Ensembl and OMA organism names`.
[2025-09-08 14:16:41] [INFO]    [OmnipathR] Looking up in cache `https://www.ensembl.org/info/about/species.html`: key=7332486db7400730697234bad76ca0c8e4d00799, latest version=1.
[2025-09-08 14:16:41] [TRACE]   [OmnipathR] Cache file path: /Users/ogawaakane/Library/Caches/OmnipathR/7332486db7400730697234bad76ca0c8e4d00799-1.html
[2025-09-08 14:16:41] [TRACE]   [OmnipathR] Looking up in cache: `https://omabrowser.org/All/oma-species.txt`.
[2025-09-08 14:16:41] [TRACE]   [OmnipathR] Loaded data from RDS `/Users/ogawaakane/Library/Caches/OmnipathR/30e690cbb55dfc63b5903ab337f34ffc2f4be397-1.rds`.
[2025-09-08 14:16:41] [INFO]    [OmnipathR] Loaded database `Ensembl and OMA organism names`.
[2025-09-08 14:16:41] [TRACE]   [OmnipathR] Organism(s): 9606
[2025-09-08 14:16:41] [TRACE]   [OmnipathR] Orthology targets: 
[2025-09-08 14:16:43] [TRACE]   [OmnipathR] Reading JSON from `https://omnipathdb.org/resources` (encoding: UTF-8).
[2025-09-08 14:16:43] [TRACE]   [OmnipathR] JSON validation successful: TRUE
[2025-09-08 14:16:43] [TRACE]   [OmnipathR] Looking up in cache: `https://omnipathdb.org/annotations?resources=UniProt_keyword&license=academic`
[2025-09-08 14:16:43] [TRACE]   [OmnipathR] Loaded data from RDS `/Users/ogawaakane/Library/Caches/OmnipathR/885ecf6bad483f71d091e5564336f339f3984bf6-1.rds`.
[2025-09-08 14:16:43] [INFO]    [OmnipathR] Loaded from cache: `https://omnipathdb.org/annotations?resources=UniProt_keyword&license=academic`
[2025-09-08 14:16:43] [SUCCESS] [OmnipathR] Loaded 391929 annotation records from cache.
[2025-09-08 14:16:43] [TRACE]   [OmnipathR] Arguments for OmniPath query: [query_type=enzsub]
[2025-09-08 14:16:43] [TRACE]   [OmnipathR] Organism(s): 9606
[2025-09-08 14:16:43] [TRACE]   [OmnipathR] Orthology targets: 
[2025-09-08 14:16:43] [TRACE]   [OmnipathR] Looking up in cache: `https://omnipathdb.org/enzsub?genesymbols=yes&organisms=9606&fields=sources,references,curation_effort&license=academic`
[2025-09-08 14:16:43] [TRACE]   [OmnipathR] Loaded data from RDS `/Users/ogawaakane/Library/Caches/OmnipathR/a6f560033dff45b503a8016c14c974c4c04b5967-1.rds`.
[2025-09-08 14:16:43] [INFO]    [OmnipathR] Loaded from cache: `https://omnipathdb.org/enzsub?genesymbols=yes&organisms=9606&fields=sources,references,curation_effort&license=academic`
[2025-09-08 14:16:44] [SUCCESS] [OmnipathR] Loaded 43269 enzyme-substrate relationships from cache.
[2025-09-08 14:16:44] [TRACE]   [OmnipathR] Arguments for OmniPath query: [query_type=interactions]
[2025-09-08 14:16:44] [TRACE]   [OmnipathR] Organism(s): 9606
[2025-09-08 14:16:44] [TRACE]   [OmnipathR] Orthology targets: 
[2025-09-08 14:16:44] [TRACE]   [OmnipathR] Looking up in cache: `https://omnipathdb.org/interactions?genesymbols=yes&datasets=omnipath&organisms=9606&fields=sources,references,curation_effort&license=academic`
[2025-09-08 14:16:44] [TRACE]   [OmnipathR] Loaded data from RDS `/Users/ogawaakane/Library/Caches/OmnipathR/a7b21d9d80a3837a50268df16d168128fc1c6ede-1.rds`.
[2025-09-08 14:16:44] [INFO]    [OmnipathR] Loaded from cache: `https://omnipathdb.org/interactions?genesymbols=yes&datasets=omnipath&organisms=9606&fields=sources,references,curation_effort&license=academic`
[2025-09-08 14:16:45] [SUCCESS] [OmnipathR] Loaded 81529 interactions from cache.
